This file contains any messages produced by compilers while
running configure, to aid debugging if configure makes a mistake.

It was created by configure, which was
generated by GNU Autoconf 2.69.  Invocation command line was

  $ ./configure 

## --------- ##
## Platform. ##
## --------- ##

hostname = ml-experiments
uname -m = x86_64
uname -r = 5.4.0-52-generic
uname -s = Linux
uname -v = #57-Ubuntu SMP Thu Oct 15 10:57:00 UTC 2020

/usr/bin/uname -p = x86_64
/bin/uname -X     = unknown

/bin/arch              = x86_64
/usr/bin/arch -k       = unknown
/usr/convex/getsysinfo = unknown
/usr/bin/hostinfo      = unknown
/bin/machine           = unknown
/usr/bin/oslevel       = unknown
/bin/universe          = unknown

PATH: /home/akhila/anaconda3/bin
PATH: /usr/local/sbin
PATH: /usr/local/bin
PATH: /usr/sbin
PATH: /usr/bin
PATH: /sbin
PATH: /bin
PATH: /usr/games
PATH: /usr/local/games
PATH: /snap/bin
PATH: /home/akhila/.dotnet/tools


## ----------- ##
## Core tests. ##
## ----------- ##

configure:2015: checking for gcc
configure:2031: found /usr/bin/gcc
configure:2042: result: gcc
configure:2271: checking for C compiler version
configure:2280: gcc --version >&5
gcc (Ubuntu 9.3.0-17ubuntu1~20.04) 9.3.0
Copyright (C) 2019 Free Software Foundation, Inc.
This is free software; see the source for copying conditions.  There is NO
warranty; not even for MERCHANTABILITY or FITNESS FOR A PARTICULAR PURPOSE.

configure:2291: $? = 0
configure:2280: gcc -v >&5
Using built-in specs.
COLLECT_GCC=gcc
COLLECT_LTO_WRAPPER=/usr/lib/gcc/x86_64-linux-gnu/9/lto-wrapper
OFFLOAD_TARGET_NAMES=nvptx-none:hsa
OFFLOAD_TARGET_DEFAULT=1
Target: x86_64-linux-gnu
Configured with: ../src/configure -v --with-pkgversion='Ubuntu 9.3.0-17ubuntu1~20.04' --with-bugurl=file:///usr/share/doc/gcc-9/README.Bugs --enable-languages=c,ada,c++,go,brig,d,fortran,objc,obj-c++,gm2 --prefix=/usr --with-gcc-major-version-only --program-suffix=-9 --program-prefix=x86_64-linux-gnu- --enable-shared --enable-linker-build-id --libexecdir=/usr/lib --without-included-gettext --enable-threads=posix --libdir=/usr/lib --enable-nls --enable-clocale=gnu --enable-libstdcxx-debug --enable-libstdcxx-time=yes --with-default-libstdcxx-abi=new --enable-gnu-unique-object --disable-vtable-verify --enable-plugin --enable-default-pie --with-system-zlib --with-target-system-zlib=auto --enable-objc-gc=auto --enable-multiarch --disable-werror --with-arch-32=i686 --with-abi=m64 --with-multilib-list=m32,m64,mx32 --enable-multilib --with-tune=generic --enable-offload-targets=nvptx-none=/build/gcc-9-HskZEa/gcc-9-9.3.0/debian/tmp-nvptx/usr,hsa --without-cuda-driver --enable-checking=release --build=x86_64-linux-gnu --host=x86_64-linux-gnu --target=x86_64-linux-gnu
Thread model: posix
gcc version 9.3.0 (Ubuntu 9.3.0-17ubuntu1~20.04) 
configure:2291: $? = 0
configure:2280: gcc -V >&5
gcc: error: unrecognized command line option '-V'
gcc: fatal error: no input files
compilation terminated.
configure:2291: $? = 1
configure:2280: gcc -qversion >&5
gcc: error: unrecognized command line option '-qversion'; did you mean '--version'?
gcc: fatal error: no input files
compilation terminated.
configure:2291: $? = 1
configure:2311: checking whether the C compiler works
configure:2333: gcc    conftest.c  >&5
configure:2337: $? = 0
configure:2385: result: yes
configure:2388: checking for C compiler default output file name
configure:2390: result: a.out
configure:2396: checking for suffix of executables
configure:2403: gcc -o conftest    conftest.c  >&5
configure:2407: $? = 0
configure:2429: result: 
configure:2451: checking whether we are cross compiling
configure:2459: gcc -o conftest    conftest.c  >&5
configure:2463: $? = 0
configure:2470: ./conftest
configure:2474: $? = 0
configure:2462: result: no
configure:2467: checking for suffix of object files
configure:2489: gcc -c   conftest.c >&5
configure:2493: $? = 0
configure:2514: result: o
configure:2518: checking whether we are using the GNU C compiler
configure:2537: gcc -c   conftest.c >&5
configure:2537: $? = 0
configure:2546: result: yes
configure:2555: checking whether gcc accepts -g
configure:2575: gcc -c -g  conftest.c >&5
configure:2575: $? = 0
configure:2616: result: yes
configure:2633: checking for gcc option to accept ISO C89
configure:2696: gcc  -c -g -O2  conftest.c >&5
configure:2696: $? = 0
configure:2709: result: none needed
configure:2735: checking how to run the C preprocessor
configure:2766: gcc -E  conftest.c
configure:2766: $? = 0
configure:2780: gcc -E  conftest.c
conftest.c:9:10: fatal error: ac_nonexistent.h: No such file or directory
    9 | #include <ac_nonexistent.h>
      |          ^~~~~~~~~~~~~~~~~~
compilation terminated.
configure:2780: $? = 1
configure: failed program was:
| /* confdefs.h */
| #define PACKAGE_NAME ""
| #define PACKAGE_TARNAME ""
| #define PACKAGE_VERSION ""
| #define PACKAGE_STRING ""
| #define PACKAGE_BUGREPORT ""
| #define PACKAGE_URL ""
| /* end confdefs.h.  */
| #include <ac_nonexistent.h>
configure:2805: result: gcc -E
configure:2825: gcc -E  conftest.c
configure:2825: $? = 0
configure:2839: gcc -E  conftest.c
conftest.c:9:10: fatal error: ac_nonexistent.h: No such file or directory
    9 | #include <ac_nonexistent.h>
      |          ^~~~~~~~~~~~~~~~~~
compilation terminated.
configure:2839: $? = 1
configure: failed program was:
| /* confdefs.h */
| #define PACKAGE_NAME ""
| #define PACKAGE_TARNAME ""
| #define PACKAGE_VERSION ""
| #define PACKAGE_STRING ""
| #define PACKAGE_BUGREPORT ""
| #define PACKAGE_URL ""
| /* end confdefs.h.  */
| #include <ac_nonexistent.h>
configure:2868: checking for X
configure:2976: gcc -E  conftest.c
configure:2976: $? = 0
configure:3007: gcc -o conftest -g -O2   conftest.c -lX11  >&5
configure:3007: $? = 0
configure:3057: result: libraries , headers 
configure:3082: Checking if FFTW3 library is available using pkg-config
configure:3140: checking for pkg-config
configure:3158: found /usr/bin/pkg-config
configure:3170: result: /usr/bin/pkg-config
configure:3195: checking pkg-config is at least version 0.9.0
configure:3198: result: yes
configure:3208: checking for FFTW
configure:3215: $PKG_CONFIG --exists --print-errors "fftw3"
configure:3218: $? = 0
configure:3232: $PKG_CONFIG --exists --print-errors "fftw3"
configure:3235: $? = 0
configure:3273: result: yes
configure:3281: result: FFTW3 found!
configure:3292: checking for TIFFOpen in -ltiff
configure:3317: gcc -o conftest -g -O2   conftest.c -ltiff   -lX11 >&5
configure:3317: $? = 0
configure:3326: result: yes
configure:3477: checking for g++
configure:3493: found /usr/bin/g++
configure:3504: result: g++
configure:3531: checking for C++ compiler version
configure:3540: g++ --version >&5
g++ (Ubuntu 9.3.0-17ubuntu1~20.04) 9.3.0
Copyright (C) 2019 Free Software Foundation, Inc.
This is free software; see the source for copying conditions.  There is NO
warranty; not even for MERCHANTABILITY or FITNESS FOR A PARTICULAR PURPOSE.

configure:3551: $? = 0
configure:3540: g++ -v >&5
Using built-in specs.
COLLECT_GCC=g++
COLLECT_LTO_WRAPPER=/usr/lib/gcc/x86_64-linux-gnu/9/lto-wrapper
OFFLOAD_TARGET_NAMES=nvptx-none:hsa
OFFLOAD_TARGET_DEFAULT=1
Target: x86_64-linux-gnu
Configured with: ../src/configure -v --with-pkgversion='Ubuntu 9.3.0-17ubuntu1~20.04' --with-bugurl=file:///usr/share/doc/gcc-9/README.Bugs --enable-languages=c,ada,c++,go,brig,d,fortran,objc,obj-c++,gm2 --prefix=/usr --with-gcc-major-version-only --program-suffix=-9 --program-prefix=x86_64-linux-gnu- --enable-shared --enable-linker-build-id --libexecdir=/usr/lib --without-included-gettext --enable-threads=posix --libdir=/usr/lib --enable-nls --enable-clocale=gnu --enable-libstdcxx-debug --enable-libstdcxx-time=yes --with-default-libstdcxx-abi=new --enable-gnu-unique-object --disable-vtable-verify --enable-plugin --enable-default-pie --with-system-zlib --with-target-system-zlib=auto --enable-objc-gc=auto --enable-multiarch --disable-werror --with-arch-32=i686 --with-abi=m64 --with-multilib-list=m32,m64,mx32 --enable-multilib --with-tune=generic --enable-offload-targets=nvptx-none=/build/gcc-9-HskZEa/gcc-9-9.3.0/debian/tmp-nvptx/usr,hsa --without-cuda-driver --enable-checking=release --build=x86_64-linux-gnu --host=x86_64-linux-gnu --target=x86_64-linux-gnu
Thread model: posix
gcc version 9.3.0 (Ubuntu 9.3.0-17ubuntu1~20.04) 
configure:3551: $? = 0
configure:3540: g++ -V >&5
g++: error: unrecognized command line option '-V'
g++: fatal error: no input files
compilation terminated.
configure:3551: $? = 1
configure:3540: g++ -qversion >&5
g++: error: unrecognized command line option '-qversion'; did you mean '--version'?
g++: fatal error: no input files
compilation terminated.
configure:3551: $? = 1
configure:3555: checking whether we are using the GNU C++ compiler
configure:3574: g++ -c   conftest.cpp >&5
configure:3574: $? = 0
configure:3583: result: yes
configure:3592: checking whether g++ accepts -g
configure:3612: g++ -c -g  conftest.cpp >&5
configure:3612: $? = 0
configure:3653: result: yes
configure:3677: checking for g++ option to support OpenMP
configure:3692: g++ -o conftest -g -O2   conftest.cpp  -lX11 >&5
conftest.cpp:11:2: error: 'choke' does not name a type
   11 |  choke me
      |  ^~~~~
In file included from conftest.cpp:13:
/usr/lib/gcc/x86_64-linux-gnu/9/include/omp.h:39:3: error: 'omp_lock_t' does not name a type
   39 | } omp_lock_t;
      |   ^~~~~~~~~~
/usr/lib/gcc/x86_64-linux-gnu/9/include/omp.h:125:28: error: variable or field 'omp_init_lock' declared void
  125 | extern void omp_init_lock (omp_lock_t *) __GOMP_NOTHROW;
      |                            ^~~~~~~~~~
/usr/lib/gcc/x86_64-linux-gnu/9/include/omp.h:125:28: error: 'omp_lock_t' was not declared in this scope; did you mean 'omp_lock_hint_t'?
  125 | extern void omp_init_lock (omp_lock_t *) __GOMP_NOTHROW;
      |                            ^~~~~~~~~~
      |                            omp_lock_hint_t
/usr/lib/gcc/x86_64-linux-gnu/9/include/omp.h:125:40: error: expected primary-expression before ')' token
  125 | extern void omp_init_lock (omp_lock_t *) __GOMP_NOTHROW;
      |                                        ^
/usr/lib/gcc/x86_64-linux-gnu/9/include/omp.h:126:38: error: variable or field 'omp_init_lock_with_hint' declared void
  126 | extern void omp_init_lock_with_hint (omp_lock_t *, omp_sync_hint_t)
      |                                      ^~~~~~~~~~
/usr/lib/gcc/x86_64-linux-gnu/9/include/omp.h:126:38: error: 'omp_lock_t' was not declared in this scope; did you mean 'omp_lock_hint_t'?
  126 | extern void omp_init_lock_with_hint (omp_lock_t *, omp_sync_hint_t)
      |                                      ^~~~~~~~~~
      |                                      omp_lock_hint_t
/usr/lib/gcc/x86_64-linux-gnu/9/include/omp.h:126:50: error: expected primary-expression before ',' token
  126 | extern void omp_init_lock_with_hint (omp_lock_t *, omp_sync_hint_t)
      |                                                  ^
/usr/lib/gcc/x86_64-linux-gnu/9/include/omp.h:126:67: error: expected primary-expression before ')' token
  126 | extern void omp_init_lock_with_hint (omp_lock_t *, omp_sync_hint_t)
      |                                                                   ^
/usr/lib/gcc/x86_64-linux-gnu/9/include/omp.h:128:31: error: variable or field 'omp_destroy_lock' declared void
  128 | extern void omp_destroy_lock (omp_lock_t *) __GOMP_NOTHROW;
      |                               ^~~~~~~~~~
/usr/lib/gcc/x86_64-linux-gnu/9/include/omp.h:128:31: error: 'omp_lock_t' was not declared in this scope; did you mean 'omp_lock_hint_t'?
  128 | extern void omp_destroy_lock (omp_lock_t *) __GOMP_NOTHROW;
      |                               ^~~~~~~~~~
      |                               omp_lock_hint_t
/usr/lib/gcc/x86_64-linux-gnu/9/include/omp.h:128:43: error: expected primary-expression before ')' token
  128 | extern void omp_destroy_lock (omp_lock_t *) __GOMP_NOTHROW;
      |                                           ^
/usr/lib/gcc/x86_64-linux-gnu/9/include/omp.h:129:27: error: variable or field 'omp_set_lock' declared void
  129 | extern void omp_set_lock (omp_lock_t *) __GOMP_NOTHROW;
      |                           ^~~~~~~~~~
/usr/lib/gcc/x86_64-linux-gnu/9/include/omp.h:129:27: error: 'omp_lock_t' was not declared in this scope; did you mean 'omp_lock_hint_t'?
  129 | extern void omp_set_lock (omp_lock_t *) __GOMP_NOTHROW;
      |                           ^~~~~~~~~~
      |                           omp_lock_hint_t
/usr/lib/gcc/x86_64-linux-gnu/9/include/omp.h:129:39: error: expected primary-expression before ')' token
  129 | extern void omp_set_lock (omp_lock_t *) __GOMP_NOTHROW;
      |                                       ^
/usr/lib/gcc/x86_64-linux-gnu/9/include/omp.h:130:29: error: variable or field 'omp_unset_lock' declared void
  130 | extern void omp_unset_lock (omp_lock_t *) __GOMP_NOTHROW;
      |                             ^~~~~~~~~~
/usr/lib/gcc/x86_64-linux-gnu/9/include/omp.h:130:29: error: 'omp_lock_t' was not declared in this scope; did you mean 'omp_lock_hint_t'?
  130 | extern void omp_unset_lock (omp_lock_t *) __GOMP_NOTHROW;
      |                             ^~~~~~~~~~
      |                             omp_lock_hint_t
/usr/lib/gcc/x86_64-linux-gnu/9/include/omp.h:130:41: error: expected primary-expression before ')' token
  130 | extern void omp_unset_lock (omp_lock_t *) __GOMP_NOTHROW;
      |                                         ^
/usr/lib/gcc/x86_64-linux-gnu/9/include/omp.h:131:27: error: 'omp_lock_t' was not declared in this scope; did you mean 'omp_lock_hint_t'?
  131 | extern int omp_test_lock (omp_lock_t *) __GOMP_NOTHROW;
      |                           ^~~~~~~~~~
      |                           omp_lock_hint_t
/usr/lib/gcc/x86_64-linux-gnu/9/include/omp.h:131:39: error: expected primary-expression before ')' token
  131 | extern int omp_test_lock (omp_lock_t *) __GOMP_NOTHROW;
      |                                       ^
configure:3692: $? = 1
configure: failed program was:
| /* confdefs.h */
| #define PACKAGE_NAME ""
| #define PACKAGE_TARNAME ""
| #define PACKAGE_VERSION ""
| #define PACKAGE_STRING ""
| #define PACKAGE_BUGREPORT ""
| #define PACKAGE_URL ""
| /* end confdefs.h.  */
| 
| #ifndef _OPENMP
|  choke me
| #endif
| #include <omp.h>
| int main () { return omp_get_num_threads (); }
| 
configure:3712: g++ -o conftest -g -O2 -fopenmp   conftest.cpp  -lX11 >&5
configure:3712: $? = 0
configure:3726: result: -fopenmp
configure:3898: creating ./config.status

## ---------------------- ##
## Running config.status. ##
## ---------------------- ##

This file was extended by config.status, which was
generated by GNU Autoconf 2.69.  Invocation command line was

  CONFIG_FILES    = 
  CONFIG_HEADERS  = 
  CONFIG_LINKS    = 
  CONFIG_COMMANDS = 
  $ ./config.status 

on ml-experiments

config.status:728: creating src/Makevars

## ---------------- ##
## Cache variables. ##
## ---------------- ##

ac_cv_c_compiler_gnu=yes
ac_cv_cxx_compiler_gnu=yes
ac_cv_env_CCC_set=
ac_cv_env_CCC_value=
ac_cv_env_CC_set=
ac_cv_env_CC_value=
ac_cv_env_CFLAGS_set=
ac_cv_env_CFLAGS_value=
ac_cv_env_CPPFLAGS_set=
ac_cv_env_CPPFLAGS_value=
ac_cv_env_CPP_set=
ac_cv_env_CPP_value=
ac_cv_env_CXXFLAGS_set=
ac_cv_env_CXXFLAGS_value=
ac_cv_env_CXX_set=
ac_cv_env_CXX_value=
ac_cv_env_FFTW_CFLAGS_set=
ac_cv_env_FFTW_CFLAGS_value=
ac_cv_env_FFTW_LIBS_set=
ac_cv_env_FFTW_LIBS_value=
ac_cv_env_LDFLAGS_set=
ac_cv_env_LDFLAGS_value=
ac_cv_env_LIBS_set=
ac_cv_env_LIBS_value=
ac_cv_env_PKG_CONFIG_LIBDIR_set=
ac_cv_env_PKG_CONFIG_LIBDIR_value=
ac_cv_env_PKG_CONFIG_PATH_set=
ac_cv_env_PKG_CONFIG_PATH_value=
ac_cv_env_PKG_CONFIG_set=
ac_cv_env_PKG_CONFIG_value=
ac_cv_env_XMKMF_set=
ac_cv_env_XMKMF_value=
ac_cv_env_build_alias_set=
ac_cv_env_build_alias_value=
ac_cv_env_host_alias_set=
ac_cv_env_host_alias_value=
ac_cv_env_target_alias_set=
ac_cv_env_target_alias_value=
ac_cv_have_x='have_x=yes	ac_x_includes='\'''\''	ac_x_libraries='\'''\'''
ac_cv_lib_tiff_TIFFOpen=yes
ac_cv_objext=o
ac_cv_path_ac_pt_PKG_CONFIG=/usr/bin/pkg-config
ac_cv_prog_CPP='gcc -E'
ac_cv_prog_ac_ct_CC=gcc
ac_cv_prog_ac_ct_CXX=g++
ac_cv_prog_cc_c89=
ac_cv_prog_cc_g=yes
ac_cv_prog_cxx_g=yes
ac_cv_prog_cxx_openmp=-fopenmp
pkg_cv_FFTW_CFLAGS=
pkg_cv_FFTW_LIBS=-lfftw3

## ----------------- ##
## Output variables. ##
## ----------------- ##

CC='gcc'
CFLAGS='-g -O2'
CPP='gcc -E'
CPPFLAGS=''
CXX='g++'
CXXFLAGS='-g -O2'
DEFS='-DPACKAGE_NAME=\"\" -DPACKAGE_TARNAME=\"\" -DPACKAGE_VERSION=\"\" -DPACKAGE_STRING=\"\" -DPACKAGE_BUGREPORT=\"\" -DPACKAGE_URL=\"\"'
ECHO_C=''
ECHO_N='-n'
ECHO_T=''
EXEEXT=''
FFTW_CFLAGS=''
FFTW_LIBS='-lfftw3'
HAVE_FFTW='-Dcimg_use_fftw3'
LDFLAGS=''
LIBOBJS=''
LIBS=' -lX11'
LTLIBOBJS=''
OBJEXT='o'
OPENMP_CXXFLAGS='-fopenmp'
PACKAGE_BUGREPORT=''
PACKAGE_NAME=''
PACKAGE_STRING=''
PACKAGE_TARNAME=''
PACKAGE_URL=''
PACKAGE_VERSION=''
PATH_SEPARATOR=':'
PKG_CONFIG='/usr/bin/pkg-config'
PKG_CONFIG_LIBDIR=''
PKG_CONFIG_PATH=''
SHELL='/bin/bash'
TIFF_CFLAGS='-Dcimg_use_tiff'
TIFF_LIBS='-ltiff'
XMKMF=''
ac_ct_CC='gcc'
ac_ct_CXX='g++'
bindir='${exec_prefix}/bin'
build_alias=''
datadir='${datarootdir}'
datarootdir='${prefix}/share'
docdir='${datarootdir}/doc/${PACKAGE}'
dvidir='${docdir}'
exec_prefix='${prefix}'
host_alias=''
htmldir='${docdir}'
includedir='${prefix}/include'
infodir='${datarootdir}/info'
libdir='${exec_prefix}/lib'
libexecdir='${exec_prefix}/libexec'
localedir='${datarootdir}/locale'
localstatedir='${prefix}/var'
mandir='${datarootdir}/man'
oldincludedir='/usr/include'
pdfdir='${docdir}'
prefix='/usr/local'
program_transform_name='s,x,x,'
psdir='${docdir}'
sbindir='${exec_prefix}/sbin'
sharedstatedir='${prefix}/com'
sysconfdir='${prefix}/etc'
target_alias=''

## ----------- ##
## confdefs.h. ##
## ----------- ##

/* confdefs.h */
#define PACKAGE_NAME ""
#define PACKAGE_TARNAME ""
#define PACKAGE_VERSION ""
#define PACKAGE_STRING ""
#define PACKAGE_BUGREPORT ""
#define PACKAGE_URL ""

configure: exit 0
