This file contains any messages produced by compilers while
running configure, to aid debugging if configure makes a mistake.

It was created by configure, which was
generated by GNU Autoconf 2.69.  Invocation command line was

  $ ./configure 

## --------- ##
## Platform. ##
## --------- ##

hostname = ml-experiments
uname -m = x86_64
uname -r = 5.4.0-52-generic
uname -s = Linux
uname -v = #57-Ubuntu SMP Thu Oct 15 10:57:00 UTC 2020

/usr/bin/uname -p = x86_64
/bin/uname -X     = unknown

/bin/arch              = x86_64
/usr/bin/arch -k       = unknown
/usr/convex/getsysinfo = unknown
/usr/bin/hostinfo      = unknown
/bin/machine           = unknown
/usr/bin/oslevel       = unknown
/bin/universe          = unknown

PATH: /home/akhila/anaconda3/bin
PATH: /usr/local/sbin
PATH: /usr/local/bin
PATH: /usr/sbin
PATH: /usr/bin
PATH: /sbin
PATH: /bin
PATH: /usr/games
PATH: /usr/local/games
PATH: /snap/bin
PATH: /home/akhila/.dotnet/tools


## ----------- ##
## Core tests. ##
## ----------- ##

configure:2035: CC: gcc -std=gnu99
configure:2037: CXX: g++ -std=gnu++11
configure:2067: checking for gdal-config
configure:2085: found /usr/bin/gdal-config
configure:2098: result: /usr/bin/gdal-config
configure:2135: checking gdal-config usability
configure:2144: result: yes
configure:2163: GDAL: 3.1.3
configure:2165: checking GDAL version >= 2.0.1
configure:2174: result: yes
configure:2242: checking for gcc
configure:2269: result: gcc -std=gnu99
configure:2498: checking for C compiler version
configure:2507: gcc -std=gnu99 --version >&5
gcc (Ubuntu 9.3.0-17ubuntu1~20.04) 9.3.0
Copyright (C) 2019 Free Software Foundation, Inc.
This is free software; see the source for copying conditions.  There is NO
warranty; not even for MERCHANTABILITY or FITNESS FOR A PARTICULAR PURPOSE.

configure:2518: $? = 0
configure:2507: gcc -std=gnu99 -v >&5
Using built-in specs.
COLLECT_GCC=gcc
COLLECT_LTO_WRAPPER=/usr/lib/gcc/x86_64-linux-gnu/9/lto-wrapper
OFFLOAD_TARGET_NAMES=nvptx-none:hsa
OFFLOAD_TARGET_DEFAULT=1
Target: x86_64-linux-gnu
Configured with: ../src/configure -v --with-pkgversion='Ubuntu 9.3.0-17ubuntu1~20.04' --with-bugurl=file:///usr/share/doc/gcc-9/README.Bugs --enable-languages=c,ada,c++,go,brig,d,fortran,objc,obj-c++,gm2 --prefix=/usr --with-gcc-major-version-only --program-suffix=-9 --program-prefix=x86_64-linux-gnu- --enable-shared --enable-linker-build-id --libexecdir=/usr/lib --without-included-gettext --enable-threads=posix --libdir=/usr/lib --enable-nls --enable-clocale=gnu --enable-libstdcxx-debug --enable-libstdcxx-time=yes --with-default-libstdcxx-abi=new --enable-gnu-unique-object --disable-vtable-verify --enable-plugin --enable-default-pie --with-system-zlib --with-target-system-zlib=auto --enable-objc-gc=auto --enable-multiarch --disable-werror --with-arch-32=i686 --with-abi=m64 --with-multilib-list=m32,m64,mx32 --enable-multilib --with-tune=generic --enable-offload-targets=nvptx-none=/build/gcc-9-HskZEa/gcc-9-9.3.0/debian/tmp-nvptx/usr,hsa --without-cuda-driver --enable-checking=release --build=x86_64-linux-gnu --host=x86_64-linux-gnu --target=x86_64-linux-gnu
Thread model: posix
gcc version 9.3.0 (Ubuntu 9.3.0-17ubuntu1~20.04) 
configure:2518: $? = 0
configure:2507: gcc -std=gnu99 -V >&5
gcc: error: unrecognized command line option '-V'
gcc: fatal error: no input files
compilation terminated.
configure:2518: $? = 1
configure:2507: gcc -std=gnu99 -qversion >&5
gcc: error: unrecognized command line option '-qversion'; did you mean '--version'?
gcc: fatal error: no input files
compilation terminated.
configure:2518: $? = 1
configure:2538: checking whether the C compiler works
configure:2560: gcc -std=gnu99 -g -O2 -fdebug-prefix-map=/build/r-base-8T8CYO/r-base-4.0.3=. -fstack-protector-strong -Wformat -Werror=format-security -Wdate-time -D_FORTIFY_SOURCE=2 -g   -I/usr/include/gdal -Wl,-Bsymbolic-functions -Wl,-z,relro conftest.c  >&5
configure:2564: $? = 0
configure:2612: result: yes
configure:2615: checking for C compiler default output file name
configure:2617: result: a.out
configure:2623: checking for suffix of executables
configure:2630: gcc -std=gnu99 -o conftest -g -O2 -fdebug-prefix-map=/build/r-base-8T8CYO/r-base-4.0.3=. -fstack-protector-strong -Wformat -Werror=format-security -Wdate-time -D_FORTIFY_SOURCE=2 -g   -I/usr/include/gdal -Wl,-Bsymbolic-functions -Wl,-z,relro conftest.c  >&5
configure:2634: $? = 0
configure:2656: result: 
configure:2678: checking whether we are cross compiling
configure:2686: gcc -std=gnu99 -o conftest -g -O2 -fdebug-prefix-map=/build/r-base-8T8CYO/r-base-4.0.3=. -fstack-protector-strong -Wformat -Werror=format-security -Wdate-time -D_FORTIFY_SOURCE=2 -g   -I/usr/include/gdal -Wl,-Bsymbolic-functions -Wl,-z,relro conftest.c  >&5
configure:2690: $? = 0
configure:2697: ./conftest
configure:2701: $? = 0
configure:2689: result: no
configure:2694: checking for suffix of object files
configure:2716: gcc -std=gnu99 -c -g -O2 -fdebug-prefix-map=/build/r-base-8T8CYO/r-base-4.0.3=. -fstack-protector-strong -Wformat -Werror=format-security -Wdate-time -D_FORTIFY_SOURCE=2 -g   -I/usr/include/gdal conftest.c >&5
configure:2720: $? = 0
configure:2741: result: o
configure:2745: checking whether we are using the GNU C compiler
configure:2764: gcc -std=gnu99 -c -g -O2 -fdebug-prefix-map=/build/r-base-8T8CYO/r-base-4.0.3=. -fstack-protector-strong -Wformat -Werror=format-security -Wdate-time -D_FORTIFY_SOURCE=2 -g   -I/usr/include/gdal conftest.c >&5
configure:2764: $? = 0
configure:2773: result: yes
configure:2782: checking whether gcc -std=gnu99 accepts -g
configure:2802: gcc -std=gnu99 -c -g   -I/usr/include/gdal conftest.c >&5
configure:2802: $? = 0
configure:2843: result: yes
configure:2860: checking for gcc -std=gnu99 option to accept ISO C89
configure:2923: gcc -std=gnu99  -c -g -O2 -fdebug-prefix-map=/build/r-base-8T8CYO/r-base-4.0.3=. -fstack-protector-strong -Wformat -Werror=format-security -Wdate-time -D_FORTIFY_SOURCE=2 -g   -I/usr/include/gdal conftest.c >&5
configure:2923: $? = 0
configure:2936: result: none needed
configure:2962: checking how to run the C preprocessor
configure:2993: gcc -std=gnu99 -E   -I/usr/include/gdal conftest.c
configure:2993: $? = 0
configure:3007: gcc -std=gnu99 -E   -I/usr/include/gdal conftest.c
conftest.c:9:10: fatal error: ac_nonexistent.h: No such file or directory
    9 | #include <ac_nonexistent.h>
      |          ^~~~~~~~~~~~~~~~~~
compilation terminated.
configure:3007: $? = 1
configure: failed program was:
| /* confdefs.h */
| #define PACKAGE_NAME ""
| #define PACKAGE_TARNAME ""
| #define PACKAGE_VERSION ""
| #define PACKAGE_STRING ""
| #define PACKAGE_BUGREPORT ""
| #define PACKAGE_URL ""
| /* end confdefs.h.  */
| #include <ac_nonexistent.h>
configure:3032: result: gcc -std=gnu99 -E
configure:3052: gcc -std=gnu99 -E   -I/usr/include/gdal conftest.c
configure:3052: $? = 0
configure:3066: gcc -std=gnu99 -E   -I/usr/include/gdal conftest.c
conftest.c:9:10: fatal error: ac_nonexistent.h: No such file or directory
    9 | #include <ac_nonexistent.h>
      |          ^~~~~~~~~~~~~~~~~~
compilation terminated.
configure:3066: $? = 1
configure: failed program was:
| /* confdefs.h */
| #define PACKAGE_NAME ""
| #define PACKAGE_TARNAME ""
| #define PACKAGE_VERSION ""
| #define PACKAGE_STRING ""
| #define PACKAGE_BUGREPORT ""
| #define PACKAGE_URL ""
| /* end confdefs.h.  */
| #include <ac_nonexistent.h>
configure:3095: checking for grep that handles long lines and -e
configure:3153: result: /usr/bin/grep
configure:3158: checking for egrep
configure:3220: result: /usr/bin/grep -E
configure:3225: checking for ANSI C header files
configure:3245: gcc -std=gnu99 -c -g -O2 -fdebug-prefix-map=/build/r-base-8T8CYO/r-base-4.0.3=. -fstack-protector-strong -Wformat -Werror=format-security -Wdate-time -D_FORTIFY_SOURCE=2 -g   -I/usr/include/gdal conftest.c >&5
configure:3245: $? = 0
configure:3318: gcc -std=gnu99 -o conftest -g -O2 -fdebug-prefix-map=/build/r-base-8T8CYO/r-base-4.0.3=. -fstack-protector-strong -Wformat -Werror=format-security -Wdate-time -D_FORTIFY_SOURCE=2 -g   -I/usr/include/gdal -Wl,-Bsymbolic-functions -Wl,-z,relro conftest.c  >&5
configure:3318: $? = 0
configure:3318: ./conftest
configure:3318: $? = 0
configure:3329: result: yes
configure:3342: checking for sys/types.h
configure:3342: gcc -std=gnu99 -c -g -O2 -fdebug-prefix-map=/build/r-base-8T8CYO/r-base-4.0.3=. -fstack-protector-strong -Wformat -Werror=format-security -Wdate-time -D_FORTIFY_SOURCE=2 -g   -I/usr/include/gdal conftest.c >&5
configure:3342: $? = 0
configure:3342: result: yes
configure:3342: checking for sys/stat.h
configure:3342: gcc -std=gnu99 -c -g -O2 -fdebug-prefix-map=/build/r-base-8T8CYO/r-base-4.0.3=. -fstack-protector-strong -Wformat -Werror=format-security -Wdate-time -D_FORTIFY_SOURCE=2 -g   -I/usr/include/gdal conftest.c >&5
configure:3342: $? = 0
configure:3342: result: yes
configure:3342: checking for stdlib.h
configure:3342: gcc -std=gnu99 -c -g -O2 -fdebug-prefix-map=/build/r-base-8T8CYO/r-base-4.0.3=. -fstack-protector-strong -Wformat -Werror=format-security -Wdate-time -D_FORTIFY_SOURCE=2 -g   -I/usr/include/gdal conftest.c >&5
configure:3342: $? = 0
configure:3342: result: yes
configure:3342: checking for string.h
configure:3342: gcc -std=gnu99 -c -g -O2 -fdebug-prefix-map=/build/r-base-8T8CYO/r-base-4.0.3=. -fstack-protector-strong -Wformat -Werror=format-security -Wdate-time -D_FORTIFY_SOURCE=2 -g   -I/usr/include/gdal conftest.c >&5
configure:3342: $? = 0
configure:3342: result: yes
configure:3342: checking for memory.h
configure:3342: gcc -std=gnu99 -c -g -O2 -fdebug-prefix-map=/build/r-base-8T8CYO/r-base-4.0.3=. -fstack-protector-strong -Wformat -Werror=format-security -Wdate-time -D_FORTIFY_SOURCE=2 -g   -I/usr/include/gdal conftest.c >&5
configure:3342: $? = 0
configure:3342: result: yes
configure:3342: checking for strings.h
configure:3342: gcc -std=gnu99 -c -g -O2 -fdebug-prefix-map=/build/r-base-8T8CYO/r-base-4.0.3=. -fstack-protector-strong -Wformat -Werror=format-security -Wdate-time -D_FORTIFY_SOURCE=2 -g   -I/usr/include/gdal conftest.c >&5
configure:3342: $? = 0
configure:3342: result: yes
configure:3342: checking for inttypes.h
configure:3342: gcc -std=gnu99 -c -g -O2 -fdebug-prefix-map=/build/r-base-8T8CYO/r-base-4.0.3=. -fstack-protector-strong -Wformat -Werror=format-security -Wdate-time -D_FORTIFY_SOURCE=2 -g   -I/usr/include/gdal conftest.c >&5
configure:3342: $? = 0
configure:3342: result: yes
configure:3342: checking for stdint.h
configure:3342: gcc -std=gnu99 -c -g -O2 -fdebug-prefix-map=/build/r-base-8T8CYO/r-base-4.0.3=. -fstack-protector-strong -Wformat -Werror=format-security -Wdate-time -D_FORTIFY_SOURCE=2 -g   -I/usr/include/gdal conftest.c >&5
configure:3342: $? = 0
configure:3342: result: yes
configure:3342: checking for unistd.h
configure:3342: gcc -std=gnu99 -c -g -O2 -fdebug-prefix-map=/build/r-base-8T8CYO/r-base-4.0.3=. -fstack-protector-strong -Wformat -Werror=format-security -Wdate-time -D_FORTIFY_SOURCE=2 -g   -I/usr/include/gdal conftest.c >&5
configure:3342: $? = 0
configure:3342: result: yes
configure:3356: checking gdal.h usability
configure:3356: gcc -std=gnu99 -c -g -O2 -fdebug-prefix-map=/build/r-base-8T8CYO/r-base-4.0.3=. -fstack-protector-strong -Wformat -Werror=format-security -Wdate-time -D_FORTIFY_SOURCE=2 -g   -I/usr/include/gdal conftest.c >&5
configure:3356: $? = 0
configure:3356: result: yes
configure:3356: checking gdal.h presence
configure:3356: gcc -std=gnu99 -E   -I/usr/include/gdal conftest.c
configure:3356: $? = 0
configure:3356: result: yes
configure:3356: checking for gdal.h
configure:3356: result: yes
configure:3387: checking GDAL: linking with --libs only
configure:3395: result: yes
configure:3441: checking GDAL: /usr/share/gdal/pcs.csv readable
configure:3447: result: no
configure:3490: checking GDAL: checking whether PROJ is available for linking:
configure:3499: result: yes
configure:3510: checking GDAL: checking whether PROJ is available fur running:
configure:3519: result: yes
configure:3526: GDAL: 3.1.3
configure:3554: checking for geos-config
configure:3572: found /usr/bin/geos-config
configure:3585: result: /usr/bin/geos-config
configure:3621: checking geos-config usability
configure:3630: result: yes
configure:3639: GEOS: 3.8.1
configure:3641: checking GEOS version >= 3.4.0
configure:3649: result: yes
configure:3671: checking geos_c.h usability
configure:3671: gcc -std=gnu99 -c -g -O2 -fdebug-prefix-map=/build/r-base-8T8CYO/r-base-4.0.3=. -fstack-protector-strong -Wformat -Werror=format-security -Wdate-time -D_FORTIFY_SOURCE=2 -g   -I/usr/include/gdal   -I/usr/include/gdal -I/usr/include conftest.c >&5
configure:3671: $? = 0
configure:3671: result: yes
configure:3671: checking geos_c.h presence
configure:3671: gcc -std=gnu99 -E   -I/usr/include/gdal   -I/usr/include/gdal -I/usr/include conftest.c
configure:3671: $? = 0
configure:3671: result: yes
configure:3671: checking for geos_c.h
configure:3671: result: yes
configure:3708: checking geos: linking with -L/usr/lib/x86_64-linux-gnu -lgeos_c
configure:3718: result: yes
configure:3748: Package CPP flags:   -I/usr/include/gdal -I/usr/include
configure:3750: Package LIBS:  -L/usr/lib -lgdal -L/usr/lib/x86_64-linux-gnu -lgeos_c
configure:3897: creating ./config.status

## ---------------------- ##
## Running config.status. ##
## ---------------------- ##

This file was extended by config.status, which was
generated by GNU Autoconf 2.69.  Invocation command line was

  CONFIG_FILES    = 
  CONFIG_HEADERS  = 
  CONFIG_LINKS    = 
  CONFIG_COMMANDS = 
  $ ./config.status 

on ml-experiments

config.status:725: creating src/Makevars

## ---------------- ##
## Cache variables. ##
## ---------------- ##

ac_cv_c_compiler_gnu=yes
ac_cv_env_CC_set=
ac_cv_env_CC_value=
ac_cv_env_CFLAGS_set=
ac_cv_env_CFLAGS_value=
ac_cv_env_CPPFLAGS_set=
ac_cv_env_CPPFLAGS_value=
ac_cv_env_CPP_set=
ac_cv_env_CPP_value=
ac_cv_env_LDFLAGS_set=
ac_cv_env_LDFLAGS_value=
ac_cv_env_LIBS_set=
ac_cv_env_LIBS_value=
ac_cv_env_build_alias_set=
ac_cv_env_build_alias_value=
ac_cv_env_host_alias_set=
ac_cv_env_host_alias_value=
ac_cv_env_target_alias_set=
ac_cv_env_target_alias_value=
ac_cv_header_gdal_h=yes
ac_cv_header_geos_c_h=yes
ac_cv_header_inttypes_h=yes
ac_cv_header_memory_h=yes
ac_cv_header_stdc=yes
ac_cv_header_stdint_h=yes
ac_cv_header_stdlib_h=yes
ac_cv_header_string_h=yes
ac_cv_header_strings_h=yes
ac_cv_header_sys_stat_h=yes
ac_cv_header_sys_types_h=yes
ac_cv_header_unistd_h=yes
ac_cv_objext=o
ac_cv_path_EGREP='/usr/bin/grep -E'
ac_cv_path_GDAL_CONFIG=/usr/bin/gdal-config
ac_cv_path_GEOS_CONFIG=/usr/bin/geos-config
ac_cv_path_GREP=/usr/bin/grep
ac_cv_prog_CPP='gcc -std=gnu99 -E'
ac_cv_prog_ac_ct_CC='gcc -std=gnu99'
ac_cv_prog_cc_c89=
ac_cv_prog_cc_g=yes

## ----------------- ##
## Output variables. ##
## ----------------- ##

CC='gcc -std=gnu99'
CFLAGS='-g -O2 -fdebug-prefix-map=/build/r-base-8T8CYO/r-base-4.0.3=. -fstack-protector-strong -Wformat -Werror=format-security -Wdate-time -D_FORTIFY_SOURCE=2 -g'
CPP='gcc -std=gnu99 -E'
CPPFLAGS='  -I/usr/include/gdal   -I/usr/include/gdal -I/usr/include'
DEFS='-DPACKAGE_NAME=\"\" -DPACKAGE_TARNAME=\"\" -DPACKAGE_VERSION=\"\" -DPACKAGE_STRING=\"\" -DPACKAGE_BUGREPORT=\"\" -DPACKAGE_URL=\"\" -DSTDC_HEADERS=1 -DHAVE_SYS_TYPES_H=1 -DHAVE_SYS_STAT_H=1 -DHAVE_STDLIB_H=1 -DHAVE_STRING_H=1 -DHAVE_MEMORY_H=1 -DHAVE_STRINGS_H=1 -DHAVE_INTTYPES_H=1 -DHAVE_STDINT_H=1 -DHAVE_UNISTD_H=1 -DHAVE_GDAL_H=1 -DHAVE_GEOS_C_H=1'
ECHO_C=''
ECHO_N='-n'
ECHO_T=''
EGREP='/usr/bin/grep -E'
EXEEXT=''
GDAL_CONFIG='/usr/bin/gdal-config'
GEOS_CONFIG='/usr/bin/geos-config'
GREP='/usr/bin/grep'
LDFLAGS='-Wl,-Bsymbolic-functions -Wl,-z,relro'
LIBOBJS=''
LIBS='  -L/usr/lib -lgdal  -L/usr/lib -lgdal'
LTLIBOBJS=''
OBJEXT='o'
PACKAGE_BUGREPORT=''
PACKAGE_NAME=''
PACKAGE_STRING=''
PACKAGE_TARNAME=''
PACKAGE_URL=''
PACKAGE_VERSION=''
PATH_SEPARATOR=':'
PKG_CPPFLAGS='  -I/usr/include/gdal -I/usr/include'
PKG_LIBS=' -L/usr/lib -lgdal -L/usr/lib/x86_64-linux-gnu -lgeos_c'
SHELL='/bin/bash'
ac_ct_CC='gcc -std=gnu99'
bindir='${exec_prefix}/bin'
build_alias=''
datadir='${datarootdir}'
datarootdir='${prefix}/share'
docdir='${datarootdir}/doc/${PACKAGE}'
dvidir='${docdir}'
exec_prefix='${prefix}'
host_alias=''
htmldir='${docdir}'
includedir='${prefix}/include'
infodir='${datarootdir}/info'
libdir='${exec_prefix}/lib'
libexecdir='${exec_prefix}/libexec'
localedir='${datarootdir}/locale'
localstatedir='${prefix}/var'
mandir='${datarootdir}/man'
oldincludedir='/usr/include'
pdfdir='${docdir}'
prefix='/usr/local'
program_transform_name='s,x,x,'
psdir='${docdir}'
runstatedir='${localstatedir}/run'
sbindir='${exec_prefix}/sbin'
sharedstatedir='${prefix}/com'
sysconfdir='${prefix}/etc'
target_alias=''

## ----------- ##
## confdefs.h. ##
## ----------- ##

/* confdefs.h */
#define PACKAGE_NAME ""
#define PACKAGE_TARNAME ""
#define PACKAGE_VERSION ""
#define PACKAGE_STRING ""
#define PACKAGE_BUGREPORT ""
#define PACKAGE_URL ""
#define STDC_HEADERS 1
#define HAVE_SYS_TYPES_H 1
#define HAVE_SYS_STAT_H 1
#define HAVE_STDLIB_H 1
#define HAVE_STRING_H 1
#define HAVE_MEMORY_H 1
#define HAVE_STRINGS_H 1
#define HAVE_INTTYPES_H 1
#define HAVE_STDINT_H 1
#define HAVE_UNISTD_H 1
#define HAVE_GDAL_H 1
#define HAVE_GEOS_C_H 1

configure: exit 0
