This file contains any messages produced by compilers while
running configure, to aid debugging if configure makes a mistake.

It was created by configure, which was
generated by GNU Autoconf 2.69.  Invocation command line was

  $ ./configure 

## --------- ##
## Platform. ##
## --------- ##

hostname = ml-experiments
uname -m = x86_64
uname -r = 5.4.0-52-generic
uname -s = Linux
uname -v = #57-Ubuntu SMP Thu Oct 15 10:57:00 UTC 2020

/usr/bin/uname -p = x86_64
/bin/uname -X     = unknown

/bin/arch              = x86_64
/usr/bin/arch -k       = unknown
/usr/convex/getsysinfo = unknown
/usr/bin/hostinfo      = unknown
/bin/machine           = unknown
/usr/bin/oslevel       = unknown
/bin/universe          = unknown

PATH: /home/akhila/anaconda3/bin
PATH: /usr/local/sbin
PATH: /usr/local/bin
PATH: /usr/sbin
PATH: /usr/bin
PATH: /sbin
PATH: /bin
PATH: /usr/games
PATH: /usr/local/games
PATH: /snap/bin
PATH: /home/akhila/.dotnet/tools


## ----------- ##
## Core tests. ##
## ----------- ##

configure:2052: R_HOME: /usr/lib/R
configure:2062: CC: gcc -std=gnu99
configure:2064: CXX: g++ -std=gnu++11
configure:2087: CXX11 is: g++, CXX11STD is: -std=gnu++11
configure:2091: CXX is: g++ -std=gnu++11
configure:2101: C++11 support available
configure:2132: checking for gdal-config
configure:2150: found /usr/bin/gdal-config
configure:2163: result: /usr/bin/gdal-config
configure:2200: checking gdal-config usability
configure:2210: result: yes
configure:2230: GDAL: 3.1.3
configure:2237: checking GDAL version >= 2.2.2
configure:2240: result: yes
configure:2286: checking GDAL: linking with --libs only
configure:2294: result: yes
configure:2326: checking GDAL: gdal-config data directory readable
configure:2329: result: yes
configure:2366: checking GDAL: /usr/share/gdal/stateplane.csv readable
configure:2369: result: yes
configure:2386: pkg-config proj exists, will use it
configure:2401: PROJ version: 7.1.1
configure:2452: PROJ CPP flags: -DPROJ_H_API  
configure:2483: PROJ LIBS: -lproj 
configure:2494: checking PROJ header API:
configure:2525: result: yes
configure:2701: checking for C++ compiler version
configure:2710: g++ -std=gnu++11 --version >&5
g++ (Ubuntu 9.3.0-17ubuntu1~20.04) 9.3.0
Copyright (C) 2019 Free Software Foundation, Inc.
This is free software; see the source for copying conditions.  There is NO
warranty; not even for MERCHANTABILITY or FITNESS FOR A PARTICULAR PURPOSE.

configure:2721: $? = 0
configure:2710: g++ -std=gnu++11 -v >&5
Using built-in specs.
COLLECT_GCC=g++
COLLECT_LTO_WRAPPER=/usr/lib/gcc/x86_64-linux-gnu/9/lto-wrapper
OFFLOAD_TARGET_NAMES=nvptx-none:hsa
OFFLOAD_TARGET_DEFAULT=1
Target: x86_64-linux-gnu
Configured with: ../src/configure -v --with-pkgversion='Ubuntu 9.3.0-17ubuntu1~20.04' --with-bugurl=file:///usr/share/doc/gcc-9/README.Bugs --enable-languages=c,ada,c++,go,brig,d,fortran,objc,obj-c++,gm2 --prefix=/usr --with-gcc-major-version-only --program-suffix=-9 --program-prefix=x86_64-linux-gnu- --enable-shared --enable-linker-build-id --libexecdir=/usr/lib --without-included-gettext --enable-threads=posix --libdir=/usr/lib --enable-nls --enable-clocale=gnu --enable-libstdcxx-debug --enable-libstdcxx-time=yes --with-default-libstdcxx-abi=new --enable-gnu-unique-object --disable-vtable-verify --enable-plugin --enable-default-pie --with-system-zlib --with-target-system-zlib=auto --enable-objc-gc=auto --enable-multiarch --disable-werror --with-arch-32=i686 --with-abi=m64 --with-multilib-list=m32,m64,mx32 --enable-multilib --with-tune=generic --enable-offload-targets=nvptx-none=/build/gcc-9-HskZEa/gcc-9-9.3.0/debian/tmp-nvptx/usr,hsa --without-cuda-driver --enable-checking=release --build=x86_64-linux-gnu --host=x86_64-linux-gnu --target=x86_64-linux-gnu
Thread model: posix
gcc version 9.3.0 (Ubuntu 9.3.0-17ubuntu1~20.04) 
configure:2721: $? = 0
configure:2710: g++ -std=gnu++11 -V >&5
g++: error: unrecognized command line option '-V'
g++: fatal error: no input files
compilation terminated.
configure:2721: $? = 1
configure:2710: g++ -std=gnu++11 -qversion >&5
g++: error: unrecognized command line option '-qversion'; did you mean '--version'?
g++: fatal error: no input files
compilation terminated.
configure:2721: $? = 1
configure:2741: checking whether the C++ compiler works
configure:2763: g++ -std=gnu++11   -DPROJ_H_API   -Wl,-Bsymbolic-functions -Wl,-z,relro conftest.cpp -lproj    -L/usr/lib -lgdal >&5
configure:2767: $? = 0
configure:2815: result: yes
configure:2818: checking for C++ compiler default output file name
configure:2820: result: a.out
configure:2826: checking for suffix of executables
configure:2833: g++ -std=gnu++11 -o conftest   -DPROJ_H_API   -Wl,-Bsymbolic-functions -Wl,-z,relro conftest.cpp -lproj    -L/usr/lib -lgdal >&5
configure:2837: $? = 0
configure:2859: result: 
configure:2881: checking whether we are cross compiling
configure:2889: g++ -std=gnu++11 -o conftest   -DPROJ_H_API   -Wl,-Bsymbolic-functions -Wl,-z,relro conftest.cpp -lproj    -L/usr/lib -lgdal >&5
configure:2893: $? = 0
configure:2900: ./conftest
configure:2904: $? = 0
configure:2919: result: no
configure:2924: checking for suffix of object files
configure:2946: g++ -std=gnu++11 -c   -DPROJ_H_API   conftest.cpp >&5
configure:2950: $? = 0
configure:2971: result: o
configure:2975: checking whether we are using the GNU C++ compiler
configure:2994: g++ -std=gnu++11 -c   -DPROJ_H_API   conftest.cpp >&5
configure:2994: $? = 0
configure:3003: result: yes
configure:3012: checking whether g++ -std=gnu++11 accepts -g
configure:3032: g++ -std=gnu++11 -c -g  -DPROJ_H_API   conftest.cpp >&5
configure:3032: $? = 0
configure:3073: result: yes
configure:3102: checking how to run the C++ preprocessor
configure:3129: g++ -std=gnu++11 -E  -DPROJ_H_API   conftest.cpp
configure:3129: $? = 0
configure:3143: g++ -std=gnu++11 -E  -DPROJ_H_API   conftest.cpp
conftest.cpp:9:10: fatal error: ac_nonexistent.h: No such file or directory
    9 | #include <ac_nonexistent.h>
      |          ^~~~~~~~~~~~~~~~~~
compilation terminated.
configure:3143: $? = 1
configure: failed program was:
| /* confdefs.h */
| #define PACKAGE_NAME ""
| #define PACKAGE_TARNAME ""
| #define PACKAGE_VERSION ""
| #define PACKAGE_STRING ""
| #define PACKAGE_BUGREPORT ""
| #define PACKAGE_URL ""
| /* end confdefs.h.  */
| #include <ac_nonexistent.h>
configure:3168: result: g++ -std=gnu++11 -E
configure:3188: g++ -std=gnu++11 -E  -DPROJ_H_API   conftest.cpp
configure:3188: $? = 0
configure:3202: g++ -std=gnu++11 -E  -DPROJ_H_API   conftest.cpp
conftest.cpp:9:10: fatal error: ac_nonexistent.h: No such file or directory
    9 | #include <ac_nonexistent.h>
      |          ^~~~~~~~~~~~~~~~~~
compilation terminated.
configure:3202: $? = 1
configure: failed program was:
| /* confdefs.h */
| #define PACKAGE_NAME ""
| #define PACKAGE_TARNAME ""
| #define PACKAGE_VERSION ""
| #define PACKAGE_STRING ""
| #define PACKAGE_BUGREPORT ""
| #define PACKAGE_URL ""
| /* end confdefs.h.  */
| #include <ac_nonexistent.h>
configure:3231: checking for grep that handles long lines and -e
configure:3289: result: /usr/bin/grep
configure:3294: checking for egrep
configure:3356: result: /usr/bin/grep -E
configure:3361: checking for ANSI C header files
configure:3381: g++ -std=gnu++11 -c -g -O2  -DPROJ_H_API   conftest.cpp >&5
configure:3381: $? = 0
configure:3454: g++ -std=gnu++11 -o conftest -g -O2  -DPROJ_H_API   -Wl,-Bsymbolic-functions -Wl,-z,relro conftest.cpp -lproj    -L/usr/lib -lgdal >&5
configure:3454: $? = 0
configure:3454: ./conftest
configure:3454: $? = 0
configure:3465: result: yes
configure:3478: checking for sys/types.h
configure:3478: g++ -std=gnu++11 -c -g -O2  -DPROJ_H_API   conftest.cpp >&5
configure:3478: $? = 0
configure:3478: result: yes
configure:3478: checking for sys/stat.h
configure:3478: g++ -std=gnu++11 -c -g -O2  -DPROJ_H_API   conftest.cpp >&5
configure:3478: $? = 0
configure:3478: result: yes
configure:3478: checking for stdlib.h
configure:3478: g++ -std=gnu++11 -c -g -O2  -DPROJ_H_API   conftest.cpp >&5
configure:3478: $? = 0
configure:3478: result: yes
configure:3478: checking for string.h
configure:3478: g++ -std=gnu++11 -c -g -O2  -DPROJ_H_API   conftest.cpp >&5
configure:3478: $? = 0
configure:3478: result: yes
configure:3478: checking for memory.h
configure:3478: g++ -std=gnu++11 -c -g -O2  -DPROJ_H_API   conftest.cpp >&5
configure:3478: $? = 0
configure:3478: result: yes
configure:3478: checking for strings.h
configure:3478: g++ -std=gnu++11 -c -g -O2  -DPROJ_H_API   conftest.cpp >&5
configure:3478: $? = 0
configure:3478: result: yes
configure:3478: checking for inttypes.h
configure:3478: g++ -std=gnu++11 -c -g -O2  -DPROJ_H_API   conftest.cpp >&5
configure:3478: $? = 0
configure:3478: result: yes
configure:3478: checking for stdint.h
configure:3478: g++ -std=gnu++11 -c -g -O2  -DPROJ_H_API   conftest.cpp >&5
configure:3478: $? = 0
configure:3478: result: yes
configure:3478: checking for unistd.h
configure:3478: g++ -std=gnu++11 -c -g -O2  -DPROJ_H_API   conftest.cpp >&5
configure:3478: $? = 0
configure:3478: result: yes
configure:3490: checking proj.h usability
configure:3490: g++ -std=gnu++11 -c -g -O2  -DPROJ_H_API   conftest.cpp >&5
configure:3490: $? = 0
configure:3490: result: yes
configure:3490: checking proj.h presence
configure:3490: g++ -std=gnu++11 -E  -DPROJ_H_API   conftest.cpp
configure:3490: $? = 0
configure:3490: result: yes
configure:3490: checking for proj.h
configure:3490: result: yes
configure:3502: checking for proj_context_create in -lproj
configure:3527: g++ -std=gnu++11 -o conftest -g -O2  -DPROJ_H_API   -Wl,-Bsymbolic-functions -Wl,-z,relro conftest.cpp -lproj  -lproj    -L/usr/lib -lgdal >&5
configure:3527: $? = 0
configure:3536: result: yes
configure:2951: checking Using GDAL < 3 with PROJ >= 6
configure:2966: result: no
configure:2977: checking PROJ version >= 4.8.0
configure:2984: result: yes
configure:3093: Package CPP flags:  -I/usr/include/gdal -DPROJ_H_API
configure:3095: Package LIBS:  -L/usr/lib -lgdal -lproj
configure:3242: creating ./config.status

## ---------------------- ##
## Running config.status. ##
## ---------------------- ##

This file was extended by config.status, which was
generated by GNU Autoconf 2.69.  Invocation command line was

  CONFIG_FILES    = 
  CONFIG_HEADERS  = 
  CONFIG_LINKS    = 
  CONFIG_COMMANDS = 
  $ ./config.status 

on ml-experiments

config.status:724: creating src/Makevars

## ---------------- ##
## Cache variables. ##
## ---------------- ##

ac_cv_cxx_compiler_gnu=yes
ac_cv_env_CCC_set=
ac_cv_env_CCC_value=
ac_cv_env_CPPFLAGS_set=
ac_cv_env_CPPFLAGS_value=
ac_cv_env_CXXCPP_set=
ac_cv_env_CXXCPP_value=
ac_cv_env_CXXFLAGS_set=
ac_cv_env_CXXFLAGS_value=
ac_cv_env_CXX_set=
ac_cv_env_CXX_value=
ac_cv_env_LDFLAGS_set=
ac_cv_env_LDFLAGS_value=
ac_cv_env_LIBS_set=
ac_cv_env_LIBS_value=
ac_cv_env_build_alias_set=
ac_cv_env_build_alias_value=
ac_cv_env_host_alias_set=
ac_cv_env_host_alias_value=
ac_cv_env_target_alias_set=
ac_cv_env_target_alias_value=
ac_cv_header_inttypes_h=yes
ac_cv_header_memory_h=yes
ac_cv_header_proj_h=yes
ac_cv_header_stdc=yes
ac_cv_header_stdint_h=yes
ac_cv_header_stdlib_h=yes
ac_cv_header_string_h=yes
ac_cv_header_strings_h=yes
ac_cv_header_sys_stat_h=yes
ac_cv_header_sys_types_h=yes
ac_cv_header_unistd_h=yes
ac_cv_lib_proj_proj_context_create=yes
ac_cv_objext=o
ac_cv_path_EGREP='/usr/bin/grep -E'
ac_cv_path_GDAL_CONFIG=/usr/bin/gdal-config
ac_cv_path_GREP=/usr/bin/grep
ac_cv_prog_CXXCPP='g++ -std=gnu++11 -E'
ac_cv_prog_cxx_g=yes

## ----------------- ##
## Output variables. ##
## ----------------- ##

CPPFLAGS=' -DPROJ_H_API  '
CXX='g++ -std=gnu++11'
CXXCPP='g++ -std=gnu++11 -E'
CXXFLAGS='-g -O2'
DEFS='-DPACKAGE_NAME=\"\" -DPACKAGE_TARNAME=\"\" -DPACKAGE_VERSION=\"\" -DPACKAGE_STRING=\"\" -DPACKAGE_BUGREPORT=\"\" -DPACKAGE_URL=\"\" -DSTDC_HEADERS=1 -DHAVE_SYS_TYPES_H=1 -DHAVE_SYS_STAT_H=1 -DHAVE_STDLIB_H=1 -DHAVE_STRING_H=1 -DHAVE_MEMORY_H=1 -DHAVE_STRINGS_H=1 -DHAVE_INTTYPES_H=1 -DHAVE_STDINT_H=1 -DHAVE_UNISTD_H=1 -DHAVE_LIBPROJ=1'
ECHO_C=''
ECHO_N='-n'
ECHO_T=''
EGREP='/usr/bin/grep -E'
EXEEXT=''
GDAL_CONFIG='/usr/bin/gdal-config'
GDAL_DATADIR='/usr/share/gdal'
GREP='/usr/bin/grep'
LDFLAGS='-Wl,-Bsymbolic-functions -Wl,-z,relro'
LIBOBJS=''
LIBS='-lproj -lproj    -L/usr/lib -lgdal'
LTLIBOBJS=''
OBJEXT='o'
PACKAGE_BUGREPORT=''
PACKAGE_NAME=''
PACKAGE_STRING=''
PACKAGE_TARNAME=''
PACKAGE_URL=''
PACKAGE_VERSION=''
PATH_SEPARATOR=':'
PKG_CPPFLAGS=' -I/usr/include/gdal -DPROJ_H_API'
PKG_LIBS=' -L/usr/lib -lgdal -lproj'
SHELL='/bin/bash'
ac_ct_CXX=''
bindir='${exec_prefix}/bin'
build_alias=''
datadir='${datarootdir}'
datarootdir='${prefix}/share'
docdir='${datarootdir}/doc/${PACKAGE}'
dvidir='${docdir}'
exec_prefix='${prefix}'
host_alias=''
htmldir='${docdir}'
includedir='${prefix}/include'
infodir='${datarootdir}/info'
libdir='${exec_prefix}/lib'
libexecdir='${exec_prefix}/libexec'
localedir='${datarootdir}/locale'
localstatedir='${prefix}/var'
mandir='${datarootdir}/man'
oldincludedir='/usr/include'
pdfdir='${docdir}'
prefix='/usr/local'
program_transform_name='s,x,x,'
psdir='${docdir}'
runstatedir='${localstatedir}/run'
sbindir='${exec_prefix}/sbin'
sharedstatedir='${prefix}/com'
sysconfdir='${prefix}/etc'
target_alias=''

## ----------- ##
## confdefs.h. ##
## ----------- ##

/* confdefs.h */
#define PACKAGE_NAME ""
#define PACKAGE_TARNAME ""
#define PACKAGE_VERSION ""
#define PACKAGE_STRING ""
#define PACKAGE_BUGREPORT ""
#define PACKAGE_URL ""
#define STDC_HEADERS 1
#define HAVE_SYS_TYPES_H 1
#define HAVE_SYS_STAT_H 1
#define HAVE_STDLIB_H 1
#define HAVE_STRING_H 1
#define HAVE_MEMORY_H 1
#define HAVE_STRINGS_H 1
#define HAVE_INTTYPES_H 1
#define HAVE_STDINT_H 1
#define HAVE_UNISTD_H 1
#define HAVE_LIBPROJ 1

configure: exit 0
